Arguments: 
  C:\Program Files\nodejs\node.exe C:\Users\Usuario\AppData\Roaming\npm\node_modules\yarn\bin\yarn.js

PATH: 
  C:\WINDOWS\system32;C:\WINDOWS;C:\WINDOWS\System32\Wbem;C:\WINDOWS\System32\WindowsPowerShell\v1.0\;C:\WINDOWS\System32\OpenSSH\;C:\ProgramData\chocolatey\bin;C:\Program Files\MongoDB\Server\4.2\bin;C:\Program Files\Amazon\AWSCLIV2\;C:\Program Files\Git\cmd;C:\Program Files\nodejs\;C:\mongo\mongosh-1.0.1-win32-x64\bin;C:\Program Files\dotnet\;C:\msys64\mingw64\bin;C:\Program Files\MongoDB\Tools\100\bin;C:\Program Files\Amazon\AWSSAMCLI\bin\;C:\Program Files (x86)\Calibre2\;C:\Users\Usuario\AppData\Local\Programs\Python\Python39\Scripts\;C:\Users\Usuario\AppData\Local\Programs\Python\Python39\;C:\Users\Usuario\AppData\Local\Microsoft\WindowsApps;C:\Users\Usuario\AppData\Roaming\Dashlane\6.2015.0.34173\bin\Firefox_Extension\{442718d9-475e-452a-b3e1-fb1ee16b8e9f}\components;C:\Users\Usuario\AppData\Roaming\Dashlane\6.2015.0.34173\ucrt;C:\Users\Usuario\AppData\Roaming\Dashlane\6.2015.0.34173\bin\Qt;C:\Users\Usuario\AppData\Roaming\Dashlane\6.2015.0.34173\bin\Ssl;C:\Users\Usuario\AppData\Roaming\npm;C:\Users\Usuario\.dotnet\tools;C:\Program Files\heroku\bin;C:\Program Files\MongoDB\Server\5.0\bin;C:\Users\Usuario\AppData\Local\Programs\Microsoft VS Code\bin

Yarn version: 
  1.22.11

Node version: 
  14.17.3

Platform: 
  win32 x64

Trace: 
  SyntaxError: C:\Users\Usuario\Desktop\ts-eslint-prittier-husky\package.json: Unexpected token } in JSON at position 395
      at JSON.parse (<anonymous>)
      at C:\Users\Usuario\AppData\Roaming\npm\node_modules\yarn\lib\cli.js:1625:59
      at Generator.next (<anonymous>)
      at step (C:\Users\Usuario\AppData\Roaming\npm\node_modules\yarn\lib\cli.js:310:30)
      at C:\Users\Usuario\AppData\Roaming\npm\node_modules\yarn\lib\cli.js:321:13

npm manifest: 
  {
    "name": "ts-eslint-prittier-husky",
    "version": "1.0.0",
    "description": "",
    "main": "index.js",
    "scripts": {
      "start:dev": "nodemon",
      "start:prod": "node -r ts-node/register/transpile-only -r tsconfig-paths/register ./build/src/index.js",
      "build": "tsc -p tsconfig.prod.json",
      "test": "jest",
      "test:watch": "jest --watch",
      "test:coverage": "jest --coverage",
    },
    "keywords": [],
    "author": "",
    "license": "ISC",
    "devDependencies": {
      "@types/dotenv-safe": "^8.1.2",
      "@types/jest": "^27.4.0",
      "@types/node": "^17.0.16",
      "@typescript-eslint/eslint-plugin": "^5.11.0",
      "@typescript-eslint/parser": "^5.11.0",
      "eslint": "^8.8.0",
      "eslint-config-airbnb-base": "^15.0.0",
      "eslint-config-prettier": "^8.3.0",
      "eslint-import-resolver-typescript": "^2.5.0",
      "eslint-plugin-import": "^2.25.4",
      "eslint-plugin-prettier": "^4.0.0",
      "husky": "^7.0.4",
      "jest": "^27.5.1",
      "lint-staged": "^12.3.3",
      "nodemon": "^2.0.15",
      "prettier": "^2.5.1",
      "pretty-quick": "^3.1.3",
      "ts-jest": "^27.1.3",
      "ts-node": "^10.5.0",
      "tsconfig-paths": "^3.12.0",
      "typescript": "^4.5.5"
    },
    "dependencies": {
      "dotenv-safe": "^8.2.0"
    }
  }

yarn manifest: 
  No manifest

Lockfile: 
  No lockfile
